🏀 PolyMix API Server
📊 Starting server at http://localhost:5001
🔄 Data refreshes every 30 seconds
📈 Paper Trading Active
 * Serving Flask app 'api'
 * Debug mode: on
[31m[1mWARNING: This is a development server. Do not use it in a production deployment. Use a production WSGI server instead.[0m
 * Running on all addresses (0.0.0.0)
 * Running on http://127.0.0.1:5001
 * Running on http://10.16.11.143:5001
[33mPress CTRL+C to quit[0m
127.0.0.1 - - [02/Dec/2025 02:55:43] "GET /api/paper/state HTTP/1.1" 200 -
Fetching comprehensive sports data...
Fetching Kalshi markets for series KXNBAGAME...
Fetched 42 markets for series KXNBAGAME...
Fetching Polymarket events for tag 64...
Fetched 57 events for tag 64...
Fetching Polymarket events for tag 65...
Fetched 27 events for tag 65...
Fetching Polymarket events for tag 450...
Fetched 87 events for tag 450...
Fetching Polymarket events for tag 745...
Fetched 90 events for tag 745...
Fetching Polymarket events for tag 899...
Fetched 100 events for tag 899...
Fetched 200 events for tag 899...
Fetched 217 events for tag 899...
Fetching Polymarket events for tag 100350...
Fetched 100 events for tag 100350...
Fetched 200 events for tag 100350...
Fetched 300 events for tag 100350...
Fetching Polymarket events for tag 102366...
Fetched 5 events for tag 102366...
Fetching Polymarket events for tag 100780...
Fetched 5 events for tag 100780...
Fetching Polymarket events for tag 101672...
Fetched 6 events for tag 101672...
Fetching Kalshi markets for series KXNBAGAME...
Fetched 42 markets for series KXNBAGAME...
Fetching Kalshi markets for series KXNBA...
Fetched 30 markets for series KXNBA...
Fetching Kalshi markets for series KXNFLGAME...
Fetched 62 markets for series KXNFLGAME...
Fetching Kalshi markets for series KXNFL...
Fetching Kalshi markets for series KXNHLGAME...
Fetched 40 markets for series KXNHLGAME...
Fetching Kalshi markets for series KXNHL...
Fetched 32 markets for series KXNHL...
Fetching Kalshi markets for series KXCS2...
Fetched 8 markets for series KXCS2...
Fetching Kalshi markets for series KXDOTA2...
Fetched 12 markets for series KXDOTA2...
Fetching Kalshi markets for series KXOVERWATCH...
Fetching Kalshi markets for series KXCSGO...
Fetching Kalshi markets for series KXESPORTS...
Fetching Kalshi markets for series KXLOL...
Fetching Kalshi markets for series KXDOTA...
Fetching Kalshi markets for series KXVALORANT...
Found 340 Polymarket games and 22 Kalshi games
Successfully matched 26 games
Processing 26 games for arbitrage opportunities...
Games by sport: {'esports': 2, 'other': 24}
❌ No arb for Rainbow Six Siege: FURIA Esports vs Ninjas in Pyjamas (BO3) (esports): Invalid odds (zero price)
❌ No arb for Rainbow Six Siege: G2 Esports vs Falcons Esport (BO3) (esports): Invalid odds (zero price)
❌ No arb for Rainbow Six Siege: Spacestation Gaming vs M80 (BO3) (other): Invalid odds (zero price)
❌ No arb for Hornets vs Nets (other): Market already traded
❌ No arb for Clippers vs Heat (other): Market already traded
📊 Checked 26 games without arbs. Reasons: {'Invalid odds (zero price)': 3, 'Market already traded': 23}
Checking paper trading settlements...
Fetching comprehensive sports data...
Fetching Kalshi markets for series KXNBAGAME...
Fetched 42 markets for series KXNBAGAME...
Fetching Polymarket events for tag 64...
Fetched 57 events for tag 64...
Fetching Polymarket events for tag 65...
Fetched 27 events for tag 65...
Fetching Polymarket events for tag 450...
Fetched 87 events for tag 450...
Fetching Polymarket events for tag 745...
Fetched 90 events for tag 745...
Fetching Polymarket events for tag 899...
Fetched 100 events for tag 899...
Fetched 200 events for tag 899...
Fetched 217 events for tag 899...
Fetching Polymarket events for tag 100350...
Fetched 100 events for tag 100350...
Fetched 200 events for tag 100350...
Fetched 300 events for tag 100350...
Fetching Polymarket events for tag 102366...
Fetched 5 events for tag 102366...
Fetching Polymarket events for tag 100780...
Fetched 5 events for tag 100780...
Fetching Polymarket events for tag 101672...
Fetched 6 events for tag 101672...
Fetching Kalshi markets for series KXNBAGAME...
Fetched 42 markets for series KXNBAGAME...
Fetching Kalshi markets for series KXNBA...
Fetched 30 markets for series KXNBA...
Fetching Kalshi markets for series KXNFLGAME...
Fetched 62 markets for series KXNFLGAME...
Fetching Kalshi markets for series KXNFL...
Fetching Kalshi markets for series KXNHLGAME...
Fetched 40 markets for series KXNHLGAME...
Fetching Kalshi markets for series KXNHL...
Fetched 32 markets for series KXNHL...
Fetching Kalshi markets for series KXCS2...
Fetched 8 markets for series KXCS2...
Fetching Kalshi markets for series KXDOTA2...
Fetched 12 markets for series KXDOTA2...
Fetching Kalshi markets for series KXOVERWATCH...
Fetching Kalshi markets for series KXCSGO...
Fetching Kalshi markets for series KXESPORTS...
Fetching Kalshi markets for series KXLOL...
Fetching Kalshi markets for series KXDOTA...
Fetching Kalshi markets for series KXVALORANT...
Found 340 Polymarket games and 22 Kalshi games
Successfully matched 26 games
Processing 26 games for arbitrage opportunities...
Games by sport: {'esports': 2, 'other': 24}
❌ No arb for Rainbow Six Siege: FURIA Esports vs Ninjas in Pyjamas (BO3) (esports): Invalid odds (zero price)
❌ No arb for Rainbow Six Siege: G2 Esports vs Falcons Esport (BO3) (esports): Invalid odds (zero price)
❌ No arb for Rainbow Six Siege: Spacestation Gaming vs M80 (BO3) (other): Invalid odds (zero price)
❌ No arb for Hornets vs Nets (other): Market already traded
❌ No arb for Clippers vs Heat (other): Market already traded
📊 Checked 26 games without arbs. Reasons: {'Invalid odds (zero price)': 3, 'Market already traded': 23}
Fetching comprehensive sports data...
Fetching Kalshi markets for series KXNBAGAME...
Fetched 42 markets for series KXNBAGAME...
Fetching Polymarket events for tag 64...
Fetched 57 events for tag 64...
Fetching Polymarket events for tag 65...
Fetched 27 events for tag 65...
Fetching Polymarket events for tag 450...
Fetched 87 events for tag 450...
Fetching Polymarket events for tag 745...
Fetched 90 events for tag 745...
Fetching Polymarket events for tag 899...
Fetched 100 events for tag 899...
Fetched 200 events for tag 899...
Fetched 217 events for tag 899...
Fetching Polymarket events for tag 100350...
Fetched 100 events for tag 100350...
Fetched 200 events for tag 100350...
Fetched 300 events for tag 100350...
Fetching Polymarket events for tag 102366...
Fetched 5 events for tag 102366...
Fetching Polymarket events for tag 100780...
Fetched 5 events for tag 100780...
Fetching Polymarket events for tag 101672...
Fetched 6 events for tag 101672...
Fetching Kalshi markets for series KXNBAGAME...
Fetched 42 markets for series KXNBAGAME...
Fetching Kalshi markets for series KXNBA...
Fetched 30 markets for series KXNBA...
Fetching Kalshi markets for series KXNFLGAME...
Fetched 62 markets for series KXNFLGAME...
Fetching Kalshi markets for series KXNFL...
Fetching Kalshi markets for series KXNHLGAME...
Fetched 40 markets for series KXNHLGAME...
Fetching Kalshi markets for series KXNHL...
Fetched 32 markets for series KXNHL...
Fetching Kalshi markets for series KXCS2...
Fetched 8 markets for series KXCS2...
Fetching Kalshi markets for series KXDOTA2...
Fetched 12 markets for series KXDOTA2...
Fetching Kalshi markets for series KXOVERWATCH...
Fetching Kalshi markets for series KXCSGO...
Fetching Kalshi markets for series KXESPORTS...
Fetching Kalshi markets for series KXLOL...
Fetching Kalshi markets for series KXDOTA...
Fetching Kalshi markets for series KXVALORANT...
Found 340 Polymarket games and 22 Kalshi games
Successfully matched 26 games
Processing 26 games for arbitrage opportunities...
Games by sport: {'esports': 2, 'other': 24}
❌ No arb for Rainbow Six Siege: FURIA Esports vs Ninjas in Pyjamas (BO3) (esports): Invalid odds (zero price)
❌ No arb for Rainbow Six Siege: G2 Esports vs Falcons Esport (BO3) (esports): Invalid odds (zero price)
❌ No arb for Rainbow Six Siege: Spacestation Gaming vs M80 (BO3) (other): Invalid odds (zero price)
❌ No arb for Hornets vs Nets (other): Market already traded
❌ No arb for Clippers vs Heat (other): Market already traded
📊 Checked 26 games without arbs. Reasons: {'Invalid odds (zero price)': 3, 'Market already traded': 23}
Checking paper trading settlements...
Fetching comprehensive sports data...
Fetching Kalshi markets for series KXNBAGAME...
Fetched 42 markets for series KXNBAGAME...
Fetching Polymarket events for tag 64...
Fetched 57 events for tag 64...
Fetching Polymarket events for tag 65...
